<?xml version="1.0" encoding="utf-8"?><testsuites name="pytest tests"><testsuite name="pytest" errors="0" failures="1" skipped="0" tests="19" time="10.301" timestamp="2026-02-15T07:17:16.757493+00:00" hostname="agent-env-d3484442-d365-4622-a6af-27c84428a06e"><testcase classname="backend.tests.test_fleur_api.TestProductsAPI" name="test_get_all_products" time="0.213" /><testcase classname="backend.tests.test_fleur_api.TestProductsAPI" name="test_product_has_required_fields" time="0.133" /><testcase classname="backend.tests.test_fleur_api.TestProductsAPI" name="test_get_product_by_slug" time="0.140" /><testcase classname="backend.tests.test_fleur_api.TestProductsAPI" name="test_product_filtering_by_scent_family" time="0.118" /><testcase classname="backend.tests.test_fleur_api.TestCategoriesAPI" name="test_get_categories" time="0.096" /><testcase classname="backend.tests.test_fleur_api.TestBrandStoryAPI" name="test_get_brand_story" time="0.100" /><testcase classname="backend.tests.test_fleur_api.TestPortfolioAPI" name="test_get_portfolio" time="0.115" /><testcase classname="backend.tests.test_fleur_api.TestCorporateGiftingAPI" name="test_get_corporate_gifting" time="0.123" /><testcase classname="backend.tests.test_fleur_api.TestCorporateGiftingAPI" name="test_corporate_gifting_inquiry" time="0.139"><failure message="assert 422 == 200&#10; +  where 422 = &lt;Response [422]&gt;.status_code">backend/tests/test_fleur_api.py:134: in test_corporate_gifting_inquiry
    assert response.status_code == 200
E   assert 422 == 200
E    +  where 422 = &lt;Response [422]&gt;.status_code</failure></testcase><testcase classname="backend.tests.test_fleur_api.TestSustainabilityAPI" name="test_get_sustainability" time="0.372" /><testcase classname="backend.tests.test_fleur_api.TestTestimonialsAPI" name="test_get_testimonials" time="0.108" /><testcase classname="backend.tests.test_fleur_api.TestAuthAPI" name="test_register_user" time="0.407" /><testcase classname="backend.tests.test_fleur_api.TestAuthAPI" name="test_login_user" time="0.776" /><testcase classname="backend.tests.test_fleur_api.TestAuthAPI" name="test_login_invalid_credentials" time="0.112" /><testcase classname="backend.tests.test_fleur_api.TestCartAPI" name="test_add_to_cart" time="0.480" /><testcase classname="backend.tests.test_fleur_api.TestCartAPI" name="test_get_cart" time="0.553" /><testcase classname="backend.tests.test_fleur_api.TestNewsletterAPI" name="test_subscribe_newsletter" time="0.152" /><testcase classname="backend.tests.test_fleur_api.TestAIChatAPI" name="test_ai_chat" time="5.888" /><testcase classname="backend.tests.test_fleur_api.TestHealthAPI" name="test_health_check" time="0.114" /></testsuite></testsuites>