<?xml version="1.0" encoding="utf-8"?><testsuites name="pytest tests"><testsuite name="pytest" errors="0" failures="0" skipped="0" tests="19" time="8.383" timestamp="2026-02-15T07:18:21.658481+00:00" hostname="agent-env-d3484442-d365-4622-a6af-27c84428a06e"><testcase classname="backend.tests.test_fleur_api.TestProductsAPI" name="test_get_all_products" time="0.163" /><testcase classname="backend.tests.test_fleur_api.TestProductsAPI" name="test_product_has_required_fields" time="0.108" /><testcase classname="backend.tests.test_fleur_api.TestProductsAPI" name="test_get_product_by_slug" time="0.113" /><testcase classname="backend.tests.test_fleur_api.TestProductsAPI" name="test_product_filtering_by_scent_family" time="0.102" /><testcase classname="backend.tests.test_fleur_api.TestCategoriesAPI" name="test_get_categories" time="0.104" /><testcase classname="backend.tests.test_fleur_api.TestBrandStoryAPI" name="test_get_brand_story" time="0.094" /><testcase classname="backend.tests.test_fleur_api.TestPortfolioAPI" name="test_get_portfolio" time="0.097" /><testcase classname="backend.tests.test_fleur_api.TestCorporateGiftingAPI" name="test_get_corporate_gifting" time="0.103" /><testcase classname="backend.tests.test_fleur_api.TestCorporateGiftingAPI" name="test_corporate_gifting_inquiry" time="0.099" /><testcase classname="backend.tests.test_fleur_api.TestSustainabilityAPI" name="test_get_sustainability" time="0.111" /><testcase classname="backend.tests.test_fleur_api.TestTestimonialsAPI" name="test_get_testimonials" time="0.104" /><testcase classname="backend.tests.test_fleur_api.TestAuthAPI" name="test_register_user" time="0.345" /><testcase classname="backend.tests.test_fleur_api.TestAuthAPI" name="test_login_user" time="0.674" /><testcase classname="backend.tests.test_fleur_api.TestAuthAPI" name="test_login_invalid_credentials" time="0.110" /><testcase classname="backend.tests.test_fleur_api.TestCartAPI" name="test_add_to_cart" time="0.441" /><testcase classname="backend.tests.test_fleur_api.TestCartAPI" name="test_get_cart" time="0.616" /><testcase classname="backend.tests.test_fleur_api.TestNewsletterAPI" name="test_subscribe_newsletter" time="0.108" /><testcase classname="backend.tests.test_fleur_api.TestAIChatAPI" name="test_ai_chat" time="4.715" /><testcase classname="backend.tests.test_fleur_api.TestHealthAPI" name="test_health_check" time="0.117" /></testsuite></testsuites>